<html>
<body>
<pre>
<h1>µVision Build Log</h1>
<h2>Tool Versions:</h2>
IDE-Version: µVision V5.24.2.0
Copyright (C) 2017 ARM Ltd and ARM Germany GmbH. All rights reserved.
License Information: Dustin Jackson California State University, Chico Flex license: MDK-ARM Professional: 100 user(s) (mdk_pro) Borrow: 24 Dec 2017
 
Tool Versions:
Toolchain:       MDK-ARM Professional: 100 user(s)  Version: 5.24.1
Toolchain Path:  D:\Keil_v5\ARM\ARMCC\Bin
C Compiler:      Armcc.exe V5.06 update 5 (build 528)
Assembler:       Armasm.exe V5.06 update 5 (build 528)
Linker/Locator:  ArmLink.exe V5.06 update 5 (build 528)
Library Manager: ArmAr.exe V5.06 update 5 (build 528)
Hex Converter:   FromElf.exe V5.06 update 5 (build 528)
CPU DLL:         SARMCM3.DLL V5.24.1
Dialog DLL:      DCM.DLL V1.16.0.0
Target DLL:      STLink\ST-LINKIII-KEIL_SWO.dll V3.0.1.0
Dialog DLL:      TCM.DLL V1.32.0.0
 
<h2>Project:</h2>
D:\Dustin\Projects\Vending Machine\MDK-ARM\Project.uvprojx
Project File Date:  08/19/2017

<h2>Output:</h2>
*** Using Compiler 'V5.06 update 5 (build 528)', folder: 'D:\Keil_v5\ARM\ARMCC\Bin'
Build target 'STM32746G_DISCOVERY'
compiling database.c...
..\Inc\main.h(43): error:  #40: expected an identifier
  char[
DMIN_PASS_SIZE] adminPass = ADMIN_PASS;
..\Inc\main.h(43): error:  #65: expected a ";"
  char[
DMIN_PASS_SIZE] adminPass = ADMIN_PASS;
..\Inc\main.h(104): error:  #20: identifier "adminState" is undefined
  	adminState nextAdminState;
..\Inc\main.h(107): error:  #147: declaration is incompatible with "uint8_t admin"  (declared at line 96)
  AdminState admin[
DMIN_PASS_SIZE + 1]; //array of administrator states, one for each pass letter, last for admin granted
..\Inc\main.h(159): warning:  #1295-D: Deprecated declaration adminStateInit - give arg types
  void adminStateInit();
..\Src\database.c: 1 warning, 4 errors
compiling uart.c...
..\Inc\main.h(43): error:  #40: expected an identifier
  char[
DMIN_PASS_SIZE] adminPass = ADMIN_PASS;
..\Inc\main.h(43): error:  #65: expected a ";"
  char[
DMIN_PASS_SIZE] adminPass = ADMIN_PASS;
..\Inc\main.h(104): error:  #20: identifier "adminState" is undefined
  	adminState nextAdminState;
..\Inc\main.h(107): error:  #147: declaration is incompatible with "uint8_t admin"  (declared at line 96)
  AdminState admin[
DMIN_PASS_SIZE + 1]; //array of administrator states, one for each pass letter, last for admin granted
..\Inc\main.h(159): warning:  #1295-D: Deprecated declaration adminStateInit - give arg types
  void adminStateInit();
..\Src\uart.c: 1 warning, 4 errors
compiling stm32f7xx_hal_msp.c...
..\Inc\main.h(43): error:  #40: expected an identifier
  char[
DMIN_PASS_SIZE] adminPass = ADMIN_PASS;
..\Inc\main.h(43): error:  #65: expected a ";"
  char[
DMIN_PASS_SIZE] adminPass = ADMIN_PASS;
..\Inc\main.h(104): error:  #20: identifier "adminState" is undefined
  	adminState nextAdminState;
..\Inc\main.h(107): error:  #147: declaration is incompatible with "uint8_t admin"  (declared at line 96)
  AdminState admin[
DMIN_PASS_SIZE + 1]; //array of administrator states, one for each pass letter, last for admin granted
..\Inc\main.h(159): warning:  #1295-D: Deprecated declaration adminStateInit - give arg types
  void adminStateInit();
..\Src\stm32f7xx_hal_msp.c: 1 warning, 4 errors
compiling stm32f7xx_it.c...
..\Inc\main.h(43): error:  #40: expected an identifier
  char[
DMIN_PASS_SIZE] adminPass = ADMIN_PASS;
..\Inc\main.h(43): error:  #65: expected a ";"
  char[
DMIN_PASS_SIZE] adminPass = ADMIN_PASS;
..\Inc\main.h(104): error:  #20: identifier "adminState" is undefined
  	adminState nextAdminState;
..\Inc\main.h(107): error:  #147: declaration is incompatible with "uint8_t admin"  (declared at line 96)
  AdminState admin[
DMIN_PASS_SIZE + 1]; //array of administrator states, one for each pass letter, last for admin granted
..\Inc\main.h(159): warning:  #1295-D: Deprecated declaration adminStateInit - give arg types
  void adminStateInit();
..\Src\stm32f7xx_it.c: 1 warning, 4 errors
compiling main.c...
..\Inc\main.h(43): error:  #40: expected an identifier
  char[
DMIN_PASS_SIZE] adminPass = ADMIN_PASS;
..\Inc\main.h(43): error:  #65: expected a ";"
  char[
DMIN_PASS_SIZE] adminPass = ADMIN_PASS;
..\Inc\main.h(104): error:  #20: identifier "adminState" is undefined
  	adminState nextAdminState;
..\Inc\main.h(107): error:  #147: declaration is incompatible with "uint8_t admin"  (declared at line 96)
  AdminState admin[
DMIN_PASS_SIZE + 1]; //array of administrator states, one for each pass letter, last for admin granted
..\Inc\main.h(159): warning:  #1295-D: Deprecated declaration adminStateInit - give arg types
  void adminStateInit();
..\Src\main.c(235): warning:  #223-D: function "getItem" declared implicitly
  				cost = getItem(selectDisp[0],selectDisp[1]);//getCost(selectDisp[0],selectDisp[1]);
..\Src\main.c(296): error:  #20: identifier "current_state" is undefined
  				current_state = current_state->next[ind];
..\Src\main.c(461): error:  #167: argument of type "uint8_t *" is incompatible with parameter of type "struct User *"
  							writeUser((uint8_t*)&usr, (char*) fileName);
..\Src\main.c(561): error:  #20: identifier "buttonArea" is undefined
  							buttonArea = SELECT;
..\Src\main.c(561): error:  #20: identifier "SELECT" is undefined
  							buttonArea = SELECT;
..\Src\main.c(567): error:  #20: identifier "buttonArea" is undefined
  							buttonArea = PASS;
..\Src\main.c(567): error:  #20: identifier "PASS" is undefined
  							buttonArea = PASS;
..\Src\main.c(572): error:  #20: identifier "buttonArea" is undefined
  							if(buttonArea == SELECT)
..\Src\main.c(572): error:  #20: identifier "SELECT" is undefined
  							if(buttonArea == SELECT)
..\Src\main.c(1289): error:  #142: expression must have pointer-to-object type
  		admin[i].access = 0;
..\Src\main.c(1290): error:  #142: expression must have pointer-to-object type
  		admin[i].currKey = adminPass[i];
..\Src\main.c(1290): error:  #20: identifier "adminPass" is undefined
  		admin[i].currKey = adminPass[i];
..\Src\main.c(1291): error:  #142: expression must have pointer-to-object type
  		admin[i].nextAdminState = admin[i+1];
..\Src\main.c(1291): error:  #142: expression must have pointer-to-object type
  		admin[i].nextAdminState = admin[i+1];
..\Src\main.c(1294): error:  #142: expression must have pointer-to-object type
  	admin[
DMIN_PASS_SIZE].access = 1;
..\Src\main.c(1295): error:  #142: expression must have pointer-to-object type
  	admin[
DMIN_PASS_SIZE].nextAdminState = admin[0];
..\Src\main.c(1295): error:  #142: expression must have pointer-to-object type
  	admin[
DMIN_PASS_SIZE].nextAdminState = admin[0];
..\Src\main.c(1398): warning:  #1-D: last line of file ends without a newline
  */
..\Src\main.c: 3 warnings, 20 errors
"STM32746G_DISCOVERY\STM32746G_DISCOVERY.axf" - 36 Error(s), 7 Warning(s).

<h2>Software Packages used:</h2>

Package Vendor: ARM
                http://www.keil.com/pack/ARM.CMSIS.5.0.1.pack
                ARM.CMSIS.5.0.1
                CMSIS (Cortex Microcontroller Software Interface Standard)
   * Component: CORE Version: 5.0.1

Package Vendor: Keil
                http://www.keil.com/pack/Keil.STM32F7xx_DFP.2.9.0.pack
                Keil.STM32F7xx_DFP.2.9.0
                STMicroelectronics STM32F7 Series Device Support, Drivers and Examples

<h2>Collection of Component include folders:</h2>
  .\RTE\_STM32746G_DISCOVERY
  D:\Keil_v5\ARM\PACK\ARM\CMSIS\5.0.1\CMSIS\Include
  D:\Keil_v5\ARM\PACK\Keil\STM32F7xx_DFP\2.9.0\Drivers\CMSIS\Device\ST\STM32F7xx\Include

<h2>Collection of Component Files used:</h2>

   * Component: ARM::CMSIS:CORE:5.0.1
Target not created.
Build Time Elapsed:  00:00:03
</pre>
</body>
</html>
